<?xml version="1.0" encoding="UTF-8"?>
<!-- Generated by org.testng.reporters.JUnitReportReporter -->
<testsuite skipped="0" hostname="Gurvarinders-MacBook-Air.local" name="com.qa.test.GetAPITest" tests="2" failures="0" timestamp="25 Dec 2018 16:46:13 GMT" time="2.871" errors="0">
  <testcase name="getTest" time="2.583" classname="com.qa.test.GetAPITest"/>
  <testcase name="getTestWithHeaders" time="0.288" classname="com.qa.test.GetAPITest"/>
</testsuite> <!-- com.qa.test.GetAPITest -->
