<?xml version="1.0" encoding="UTF-8"?>
<!-- Generated by org.testng.reporters.JUnitReportReporter -->
<testsuite skipped="0" hostname="Gurvarinders-MacBook-Air.local" name="com.qa.test.PostAPITest" tests="1" failures="0" timestamp="26 Dec 2018 00:46:56 GMT" time="1.830" errors="0">
  <testcase name="postAPITest" time="1.830" classname="com.qa.test.PostAPITest"/>
</testsuite> <!-- com.qa.test.PostAPITest -->
